2026-01-08 22:43:35.442811 starting: opening PstFrom.log for logging
2026-01-08 22:43:35.442949 starting PstFrom process
2026-01-08 22:43:35.443005 starting: setting up dirs
2026-01-08 22:43:35.443161 starting: copying original_d 'surf_sq8_noise_joint_case4' to new_d 'surf_sq8_noise_joint_case4_template'
2026-01-08 22:43:35.530961 finished: copying original_d 'surf_sq8_noise_joint_case4' to new_d 'surf_sq8_noise_joint_case4_template' took: 0:00:00.087800
2026-01-08 22:43:35.531652 finished: setting up dirs took: 0:00:00.088647
2026-01-08 22:43:48.727056 starting: adding observations from output file heads.csv
2026-01-08 22:43:48.727193 starting: adding observations from tabular output file '['heads.csv']'
2026-01-08 22:43:48.727327 starting: reading list-style file: surf_sq8_noise_joint_case4_template\heads.csv
2026-01-08 22:43:48.732885 finished: reading list-style file: surf_sq8_noise_joint_case4_template\heads.csv took: 0:00:00.005558
2026-01-08 22:43:48.736990 starting: building insfile for tabular output file heads.csv
2026-01-08 22:43:48.747323 finished: building insfile for tabular output file heads.csv took: 0:00:00.010333
2026-01-08 22:43:48.747555 starting: adding observation from instruction file 'surf_sq8_noise_joint_case4_template\heads.csv.ins'
2026-01-08 22:43:48.773622 finished: adding observation from instruction file 'surf_sq8_noise_joint_case4_template\heads.csv.ins' took: 0:00:00.026067
2026-01-08 22:43:48.775495 finished: adding observations from tabular output file '['heads.csv']' took: 0:00:00.048302
2026-01-08 22:43:48.775682 finished: adding observations from output file heads.csv took: 0:00:00.048626
2026-01-08 22:43:48.796686 starting: adding observations from output file grav.csv
2026-01-08 22:43:48.796738 starting: adding observations from tabular output file '['grav.csv']'
2026-01-08 22:43:48.796809 starting: reading list-style file: surf_sq8_noise_joint_case4_template\grav.csv
2026-01-08 22:43:48.799728 finished: reading list-style file: surf_sq8_noise_joint_case4_template\grav.csv took: 0:00:00.002919
2026-01-08 22:43:48.801175 starting: building insfile for tabular output file grav.csv
2026-01-08 22:43:48.807684 finished: building insfile for tabular output file grav.csv took: 0:00:00.006509
2026-01-08 22:43:48.807776 starting: adding observation from instruction file 'surf_sq8_noise_joint_case4_template\grav.csv.ins'
2026-01-08 22:43:48.832018 finished: adding observation from instruction file 'surf_sq8_noise_joint_case4_template\grav.csv.ins' took: 0:00:00.024242
2026-01-08 22:43:48.833639 finished: adding observations from tabular output file '['grav.csv']' took: 0:00:00.036901
2026-01-08 22:43:48.833800 finished: adding observations from output file grav.csv took: 0:00:00.037114
2026-01-08 22:45:50.995010 transform was not passed, setting default transform to 'log'
2026-01-08 22:45:50.995309 starting: adding constant type d style parameters for file(s) ['downsc_freyberg.npf_k.txt']
2026-01-08 22:45:50.995502 starting: loading array surf_sq8_noise_joint_case4_template\downsc_freyberg.npf_k.txt
2026-01-08 22:45:51.011906 finished: loading array surf_sq8_noise_joint_case4_template\downsc_freyberg.npf_k.txt took: 0:00:00.016404
2026-01-08 22:45:51.011960 loaded array 'surf_sq8_noise_joint_case4\downsc_freyberg.npf_k.txt' of shape (40, 20)
2026-01-08 22:45:51.013269 starting: writing array-style template file 'surf_sq8_noise_joint_case4_template\downsc_freyberg.npf_k.txt.tpl'
2026-01-08 22:45:51.013331 starting: writing template file surf_sq8_noise_joint_case4_template\downsc_freyberg.npf_k.txt.tpl for ['npfkcn_inst:0']
2026-01-08 22:45:51.021047 finished: writing template file surf_sq8_noise_joint_case4_template\downsc_freyberg.npf_k.txt.tpl for ['npfkcn_inst:0'] took: 0:00:00.007716
2026-01-08 22:45:51.021094 starting: writing array-based template file 'surf_sq8_noise_joint_case4_template\downsc_freyberg.npf_k.txt.tpl'
2026-01-08 22:45:51.021180 saving zone array surf_sq8_noise_joint_case4_template\downsc_freyberg.npf_k.txt.zone for tpl file surf_sq8_noise_joint_case4_template\downsc_freyberg.npf_k.txt.tpl
2026-01-08 22:45:51.030507 finished: adding constant type d style parameters for file(s) ['downsc_freyberg.npf_k.txt'] took: 0:00:00.035198
2026-01-08 22:45:51.050699 transform was not passed, setting default transform to 'log'
2026-01-08 22:45:51.050816 starting: adding constant type d style parameters for file(s) ['downsc_freyberg.sto_sy.txt']
2026-01-08 22:45:51.050916 starting: loading array surf_sq8_noise_joint_case4_template\downsc_freyberg.sto_sy.txt
2026-01-08 22:45:51.071170 finished: loading array surf_sq8_noise_joint_case4_template\downsc_freyberg.sto_sy.txt took: 0:00:00.020254
2026-01-08 22:45:51.071208 loaded array 'surf_sq8_noise_joint_case4\downsc_freyberg.sto_sy.txt' of shape (40, 20)
2026-01-08 22:45:51.072182 starting: writing array-style template file 'surf_sq8_noise_joint_case4_template\downsc_freyberg.sto_sy.txt.tpl'
2026-01-08 22:45:51.072219 starting: writing template file surf_sq8_noise_joint_case4_template\downsc_freyberg.sto_sy.txt.tpl for ['stosycn_inst:0']
2026-01-08 22:45:51.076363 finished: writing template file surf_sq8_noise_joint_case4_template\downsc_freyberg.sto_sy.txt.tpl for ['stosycn_inst:0'] took: 0:00:00.004144
2026-01-08 22:45:51.076385 starting: writing array-based template file 'surf_sq8_noise_joint_case4_template\downsc_freyberg.sto_sy.txt.tpl'
2026-01-08 22:45:51.076537 saving zone array surf_sq8_noise_joint_case4_template\downsc_freyberg.sto_sy.txt.zone for tpl file surf_sq8_noise_joint_case4_template\downsc_freyberg.sto_sy.txt.tpl
2026-01-08 22:45:51.084091 finished: adding constant type d style parameters for file(s) ['downsc_freyberg.sto_sy.txt'] took: 0:00:00.033275
